<?xml version="1.0" encoding="UTF-8"?>
<!-- Generated by org.testng.reporters.JUnitXMLReporter -->
<testsuite ignored="0" hostname="MCM-04801.local" failures="0" tests="27" name="Default test" time="7.214" errors="0" timestamp="2020-06-21T14:34:35 CEST">
  <testcase classname="com.liveintent.test.RoutingTest" name="routingTest" time="1.08"/>
  <testcase classname="com.liveintent.test.RoutingTest" name="routingTest" time="0.353"/>
  <testcase classname="com.liveintent.test.RoutingTest" name="routingTest" time="0.499"/>
  <testcase classname="com.liveintent.test.RoutingTest" name="routingTest" time="0.409"/>
  <testcase classname="com.liveintent.test.RoutingTest" name="routingTest" time="0.358"/>
  <testcase classname="com.liveintent.test.RoutingTest" name="routingTest" time="0.362"/>
  <testcase classname="com.liveintent.test.RoutingTest" name="routingTest" time="0.372"/>
  <testcase classname="com.liveintent.test.RoutingTest" name="routingTest" time="0.351"/>
  <testcase classname="com.liveintent.test.RoutingTest" name="routingTest" time="0.309"/>
  <testcase classname="com.liveintent.test.RoutingTest" name="routingTest" time="0.357"/>
  <testcase classname="com.liveintent.test.RoutingTest" name="routingTest" time="0.017"/>
  <testcase classname="com.liveintent.test.RoutingTest" name="routingTest" time="0.021"/>
  <testcase classname="com.liveintent.test.RoutingTest" name="routingTest" time="0.028"/>
  <testcase classname="com.liveintent.test.RoutingTest" name="routingTest" time="0.023"/>
  <testcase classname="com.liveintent.test.RoutingTest" name="routingTest" time="0.025"/>
  <testcase classname="com.liveintent.test.RoutingTest" name="routingTest" time="0.03"/>
  <testcase classname="com.liveintent.test.RoutingTest" name="routingTest" time="0.028"/>
  <testcase classname="com.liveintent.test.RoutingTest" name="routingTest" time="0.019"/>
  <testcase classname="com.liveintent.test.RoutingTest" name="routingTest" time="0.305"/>
  <testcase classname="com.liveintent.test.RoutingTest" name="routingTest" time="0.345"/>
  <testcase classname="com.liveintent.test.RoutingTest" name="routingTest" time="0.324"/>
  <testcase classname="com.liveintent.test.RoutingTest" name="routingTest" time="0.017"/>
  <testcase classname="com.liveintent.test.RoutingTest" name="routingTest" time="0.019"/>
  <testcase classname="com.liveintent.test.RoutingTest" name="routingTest" time="0.022"/>
  <testcase classname="com.liveintent.test.RoutingTest" name="routingTest" time="0.019"/>
  <testcase classname="com.liveintent.test.RoutingTest" name="routingTest" time="0.021"/>
  <testcase classname="com.liveintent.test.RoutingTest" name="routingTest" time="0.021"/>
</testsuite> <!-- Default test -->
