<?xml version="1.0" encoding="UTF-8"?>
<!-- Generated by org.testng.reporters.JUnitXMLReporter -->
<testsuite ignored="0" hostname="MCM-04801.local" failures="0" tests="27" name="Default test" time="6.518" errors="0" timestamp="2020-06-22T14:28:05 CEST">
  <testcase classname="com.liveintent.test.RoutingTest" name="routingTest" time="1.056"/>
  <testcase classname="com.liveintent.test.RoutingTest" name="routingTest" time="0.312"/>
  <testcase classname="com.liveintent.test.RoutingTest" name="routingTest" time="0.352"/>
  <testcase classname="com.liveintent.test.RoutingTest" name="routingTest" time="0.329"/>
  <testcase classname="com.liveintent.test.RoutingTest" name="routingTest" time="0.363"/>
  <testcase classname="com.liveintent.test.RoutingTest" name="routingTest" time="0.316"/>
  <testcase classname="com.liveintent.test.RoutingTest" name="routingTest" time="0.313"/>
  <testcase classname="com.liveintent.test.RoutingTest" name="routingTest" time="0.317"/>
  <testcase classname="com.liveintent.test.RoutingTest" name="routingTest" time="0.342"/>
  <testcase classname="com.liveintent.test.RoutingTest" name="routingTest" time="0.356"/>
  <testcase classname="com.liveintent.test.RoutingTest" name="routingTest" time="0.015"/>
  <testcase classname="com.liveintent.test.RoutingTest" name="routingTest" time="0.022"/>
  <testcase classname="com.liveintent.test.RoutingTest" name="routingTest" time="0.024"/>
  <testcase classname="com.liveintent.test.RoutingTest" name="routingTest" time="0.02"/>
  <testcase classname="com.liveintent.test.RoutingTest" name="routingTest" time="0.028"/>
  <testcase classname="com.liveintent.test.RoutingTest" name="routingTest" time="0.029"/>
  <testcase classname="com.liveintent.test.RoutingTest" name="routingTest" time="0.013"/>
  <testcase classname="com.liveintent.test.RoutingTest" name="routingTest" time="0.011"/>
  <testcase classname="com.liveintent.test.RoutingTest" name="routingTest" time="0.308"/>
  <testcase classname="com.liveintent.test.RoutingTest" name="routingTest" time="0.365"/>
  <testcase classname="com.liveintent.test.RoutingTest" name="routingTest" time="0.331"/>
  <testcase classname="com.liveintent.test.RoutingTest" name="routingTest" time="0.026"/>
  <testcase classname="com.liveintent.test.RoutingTest" name="routingTest" time="0.018"/>
  <testcase classname="com.liveintent.test.RoutingTest" name="routingTest" time="0.014"/>
  <testcase classname="com.liveintent.test.RoutingTest" name="routingTest" time="0.02"/>
  <testcase classname="com.liveintent.test.RoutingTest" name="routingTest" time="0.024"/>
  <testcase classname="com.liveintent.test.RoutingTest" name="routingTest" time="0.02"/>
</testsuite> <!-- Default test -->
