<?xml version="1.0" encoding="UTF-8"?>
<testng-results ignored="0" total="27" passed="27" failed="0" skipped="0">
  <reporter-output>
  </reporter-output>
  <suite started-at="2020-06-22T12:58:50 CEST" name="Default suite" finished-at="2020-06-22T12:58:57 CEST" duration-ms="6544">
    <groups>
    </groups>
    <test started-at="2020-06-22T12:58:50 CEST" name="Default test" finished-at="2020-06-22T12:58:57 CEST" duration-ms="6544">
      <class name="com.liveintent.test.RoutingTest">
        <test-method is-config="true" signature="SuiteLevelSetup()[pri:0, instance:com.liveintent.test.RoutingTest@76012793]" started-at="2020-06-22T12:58:50 CEST" name="SuiteLevelSetup" finished-at="2020-06-22T12:58:50 CEST" duration-ms="14" status="PASS">
          <reporter-output>
          </reporter-output>
        </test-method> <!-- SuiteLevelSetup -->
        <test-method is-config="true" signature="initialize()[pri:0, instance:com.liveintent.test.RoutingTest@76012793]" started-at="2020-06-22T12:58:50 CEST" name="initialize" finished-at="2020-06-22T12:58:51 CEST" duration-ms="1035" status="PASS">
          <reporter-output>
          </reporter-output>
        </test-method> <!-- initialize -->
        <test-method signature="routingTest(java.lang.String, java.lang.String)[pri:0, instance:com.liveintent.test.RoutingTest@76012793]" started-at="2020-06-22T12:58:51 CEST" name="routingTest" description="Route data to the correct stream based on seed" data-provider="routingDataProvider" finished-at="2020-06-22T12:58:52 CEST" duration-ms="967" status="PASS">
          <params>
            <param index="0">
              <value>
                <![CDATA[1]]>
              </value>
            </param>
            <param index="1">
              <value>
                <![CDATA[200]]>
              </value>
            </param>
          </params>
          <reporter-output>
          </reporter-output>
        </test-method> <!-- routingTest -->
        <test-method signature="routingTest(java.lang.String, java.lang.String)[pri:0, instance:com.liveintent.test.RoutingTest@76012793]" started-at="2020-06-22T12:58:52 CEST" name="routingTest" description="Route data to the correct stream based on seed" data-provider="routingDataProvider" finished-at="2020-06-22T12:58:53 CEST" duration-ms="324" status="PASS">
          <params>
            <param index="0">
              <value>
                <![CDATA[2]]>
              </value>
            </param>
            <param index="1">
              <value>
                <![CDATA[200]]>
              </value>
            </param>
          </params>
          <reporter-output>
          </reporter-output>
        </test-method> <!-- routingTest -->
        <test-method signature="routingTest(java.lang.String, java.lang.String)[pri:0, instance:com.liveintent.test.RoutingTest@76012793]" started-at="2020-06-22T12:58:53 CEST" name="routingTest" description="Route data to the correct stream based on seed" data-provider="routingDataProvider" finished-at="2020-06-22T12:58:53 CEST" duration-ms="352" status="PASS">
          <params>
            <param index="0">
              <value>
                <![CDATA[0]]>
              </value>
            </param>
            <param index="1">
              <value>
                <![CDATA[200]]>
              </value>
            </param>
          </params>
          <reporter-output>
          </reporter-output>
        </test-method> <!-- routingTest -->
        <test-method signature="routingTest(java.lang.String, java.lang.String)[pri:0, instance:com.liveintent.test.RoutingTest@76012793]" started-at="2020-06-22T12:58:53 CEST" name="routingTest" description="Route data to the correct stream based on seed" data-provider="routingDataProvider" finished-at="2020-06-22T12:58:53 CEST" duration-ms="323" status="PASS">
          <params>
            <param index="0">
              <value>
                <![CDATA[79]]>
              </value>
            </param>
            <param index="1">
              <value>
                <![CDATA[200]]>
              </value>
            </param>
          </params>
          <reporter-output>
          </reporter-output>
        </test-method> <!-- routingTest -->
        <test-method signature="routingTest(java.lang.String, java.lang.String)[pri:0, instance:com.liveintent.test.RoutingTest@76012793]" started-at="2020-06-22T12:58:53 CEST" name="routingTest" description="Route data to the correct stream based on seed" data-provider="routingDataProvider" finished-at="2020-06-22T12:58:54 CEST" duration-ms="318" status="PASS">
          <params>
            <param index="0">
              <value>
                <![CDATA[254]]>
              </value>
            </param>
            <param index="1">
              <value>
                <![CDATA[200]]>
              </value>
            </param>
          </params>
          <reporter-output>
          </reporter-output>
        </test-method> <!-- routingTest -->
        <test-method signature="routingTest(java.lang.String, java.lang.String)[pri:0, instance:com.liveintent.test.RoutingTest@76012793]" started-at="2020-06-22T12:58:54 CEST" name="routingTest" description="Route data to the correct stream based on seed" data-provider="routingDataProvider" finished-at="2020-06-22T12:58:54 CEST" duration-ms="309" status="PASS">
          <params>
            <param index="0">
              <value>
                <![CDATA[7111]]>
              </value>
            </param>
            <param index="1">
              <value>
                <![CDATA[200]]>
              </value>
            </param>
          </params>
          <reporter-output>
          </reporter-output>
        </test-method> <!-- routingTest -->
        <test-method signature="routingTest(java.lang.String, java.lang.String)[pri:0, instance:com.liveintent.test.RoutingTest@76012793]" started-at="2020-06-22T12:58:54 CEST" name="routingTest" description="Route data to the correct stream based on seed" data-provider="routingDataProvider" finished-at="2020-06-22T12:58:54 CEST" duration-ms="364" status="PASS">
          <params>
            <param index="0">
              <value>
                <![CDATA[9534]]>
              </value>
            </param>
            <param index="1">
              <value>
                <![CDATA[200]]>
              </value>
            </param>
          </params>
          <reporter-output>
          </reporter-output>
        </test-method> <!-- routingTest -->
        <test-method signature="routingTest(java.lang.String, java.lang.String)[pri:0, instance:com.liveintent.test.RoutingTest@76012793]" started-at="2020-06-22T12:58:54 CEST" name="routingTest" description="Route data to the correct stream based on seed" data-provider="routingDataProvider" finished-at="2020-06-22T12:58:55 CEST" duration-ms="344" status="PASS">
          <params>
            <param index="0">
              <value>
                <![CDATA[377]]>
              </value>
            </param>
            <param index="1">
              <value>
                <![CDATA[200]]>
              </value>
            </param>
          </params>
          <reporter-output>
          </reporter-output>
        </test-method> <!-- routingTest -->
        <test-method signature="routingTest(java.lang.String, java.lang.String)[pri:0, instance:com.liveintent.test.RoutingTest@76012793]" started-at="2020-06-22T12:58:55 CEST" name="routingTest" description="Route data to the correct stream based on seed" data-provider="routingDataProvider" finished-at="2020-06-22T12:58:55 CEST" duration-ms="373" status="PASS">
          <params>
            <param index="0">
              <value>
                <![CDATA[38790]]>
              </value>
            </param>
            <param index="1">
              <value>
                <![CDATA[200]]>
              </value>
            </param>
          </params>
          <reporter-output>
          </reporter-output>
        </test-method> <!-- routingTest -->
        <test-method signature="routingTest(java.lang.String, java.lang.String)[pri:0, instance:com.liveintent.test.RoutingTest@76012793]" started-at="2020-06-22T12:58:55 CEST" name="routingTest" description="Route data to the correct stream based on seed" data-provider="routingDataProvider" finished-at="2020-06-22T12:58:55 CEST" duration-ms="356" status="PASS">
          <params>
            <param index="0">
              <value>
                <![CDATA[-500]]>
              </value>
            </param>
            <param index="1">
              <value>
                <![CDATA[200]]>
              </value>
            </param>
          </params>
          <reporter-output>
          </reporter-output>
        </test-method> <!-- routingTest -->
        <test-method signature="routingTest(java.lang.String, java.lang.String)[pri:0, instance:com.liveintent.test.RoutingTest@76012793]" started-at="2020-06-22T12:58:55 CEST" name="routingTest" description="Route data to the correct stream based on seed" data-provider="routingDataProvider" finished-at="2020-06-22T12:58:55 CEST" duration-ms="28" status="PASS">
          <params>
            <param index="0">
              <value>
                <![CDATA[0.003]]>
              </value>
            </param>
            <param index="1">
              <value>
                <![CDATA[400]]>
              </value>
            </param>
          </params>
          <reporter-output>
          </reporter-output>
        </test-method> <!-- routingTest -->
        <test-method signature="routingTest(java.lang.String, java.lang.String)[pri:0, instance:com.liveintent.test.RoutingTest@76012793]" started-at="2020-06-22T12:58:55 CEST" name="routingTest" description="Route data to the correct stream based on seed" data-provider="routingDataProvider" finished-at="2020-06-22T12:58:55 CEST" duration-ms="30" status="PASS">
          <params>
            <param index="0">
              <value>
                <![CDATA[1.45]]>
              </value>
            </param>
            <param index="1">
              <value>
                <![CDATA[400]]>
              </value>
            </param>
          </params>
          <reporter-output>
          </reporter-output>
        </test-method> <!-- routingTest -->
        <test-method signature="routingTest(java.lang.String, java.lang.String)[pri:0, instance:com.liveintent.test.RoutingTest@76012793]" started-at="2020-06-22T12:58:55 CEST" name="routingTest" description="Route data to the correct stream based on seed" data-provider="routingDataProvider" finished-at="2020-06-22T12:58:55 CEST" duration-ms="18" status="PASS">
          <params>
            <param index="0">
              <value>
                <![CDATA[-8.9099]]>
              </value>
            </param>
            <param index="1">
              <value>
                <![CDATA[400]]>
              </value>
            </param>
          </params>
          <reporter-output>
          </reporter-output>
        </test-method> <!-- routingTest -->
        <test-method signature="routingTest(java.lang.String, java.lang.String)[pri:0, instance:com.liveintent.test.RoutingTest@76012793]" started-at="2020-06-22T12:58:55 CEST" name="routingTest" description="Route data to the correct stream based on seed" data-provider="routingDataProvider" finished-at="2020-06-22T12:58:55 CEST" duration-ms="14" status="PASS">
          <params>
            <param index="0">
              <value>
                <![CDATA[test]]>
              </value>
            </param>
            <param index="1">
              <value>
                <![CDATA[400]]>
              </value>
            </param>
          </params>
          <reporter-output>
          </reporter-output>
        </test-method> <!-- routingTest -->
        <test-method signature="routingTest(java.lang.String, java.lang.String)[pri:0, instance:com.liveintent.test.RoutingTest@76012793]" started-at="2020-06-22T12:58:55 CEST" name="routingTest" description="Route data to the correct stream based on seed" data-provider="routingDataProvider" finished-at="2020-06-22T12:58:55 CEST" duration-ms="79" status="PASS">
          <params>
            <param index="0">
              <value>
                <![CDATA[!@#$%^&*()]]>
              </value>
            </param>
            <param index="1">
              <value>
                <![CDATA[400]]>
              </value>
            </param>
          </params>
          <reporter-output>
          </reporter-output>
        </test-method> <!-- routingTest -->
        <test-method signature="routingTest(java.lang.String, java.lang.String)[pri:0, instance:com.liveintent.test.RoutingTest@76012793]" started-at="2020-06-22T12:58:55 CEST" name="routingTest" description="Route data to the correct stream based on seed" data-provider="routingDataProvider" finished-at="2020-06-22T12:58:56 CEST" duration-ms="37" status="PASS">
          <params>
            <param index="0">
              <value>
                <![CDATA[/]]>
              </value>
            </param>
            <param index="1">
              <value>
                <![CDATA[404]]>
              </value>
            </param>
          </params>
          <reporter-output>
          </reporter-output>
        </test-method> <!-- routingTest -->
        <test-method signature="routingTest(java.lang.String, java.lang.String)[pri:0, instance:com.liveintent.test.RoutingTest@76012793]" started-at="2020-06-22T12:58:56 CEST" name="routingTest" description="Route data to the correct stream based on seed" data-provider="routingDataProvider" finished-at="2020-06-22T12:58:56 CEST" duration-ms="21" status="PASS">
          <params>
            <param index="0">
              <value>
                <![CDATA[//]]>
              </value>
            </param>
            <param index="1">
              <value>
                <![CDATA[404]]>
              </value>
            </param>
          </params>
          <reporter-output>
          </reporter-output>
        </test-method> <!-- routingTest -->
        <test-method signature="routingTest(java.lang.String, java.lang.String)[pri:0, instance:com.liveintent.test.RoutingTest@76012793]" started-at="2020-06-22T12:58:56 CEST" name="routingTest" description="Route data to the correct stream based on seed" data-provider="routingDataProvider" finished-at="2020-06-22T12:58:56 CEST" duration-ms="23" status="PASS">
          <params>
            <param index="0">
              <value>
                <![CDATA[\\]]>
              </value>
            </param>
            <param index="1">
              <value>
                <![CDATA[400]]>
              </value>
            </param>
          </params>
          <reporter-output>
          </reporter-output>
        </test-method> <!-- routingTest -->
        <test-method signature="routingTest(java.lang.String, java.lang.String)[pri:0, instance:com.liveintent.test.RoutingTest@76012793]" started-at="2020-06-22T12:58:56 CEST" name="routingTest" description="Route data to the correct stream based on seed" data-provider="routingDataProvider" finished-at="2020-06-22T12:58:56 CEST" duration-ms="335" status="PASS">
          <params>
            <param index="0">
              <value>
                <![CDATA[2147483647523534534]]>
              </value>
            </param>
            <param index="1">
              <value>
                <![CDATA[200]]>
              </value>
            </param>
          </params>
          <reporter-output>
          </reporter-output>
        </test-method> <!-- routingTest -->
        <test-method signature="routingTest(java.lang.String, java.lang.String)[pri:0, instance:com.liveintent.test.RoutingTest@76012793]" started-at="2020-06-22T12:58:56 CEST" name="routingTest" description="Route data to the correct stream based on seed" data-provider="routingDataProvider" finished-at="2020-06-22T12:58:56 CEST" duration-ms="375" status="PASS">
          <params>
            <param index="0">
              <value>
                <![CDATA[999999999999999999]]>
              </value>
            </param>
            <param index="1">
              <value>
                <![CDATA[200]]>
              </value>
            </param>
          </params>
          <reporter-output>
          </reporter-output>
        </test-method> <!-- routingTest -->
        <test-method signature="routingTest(java.lang.String, java.lang.String)[pri:0, instance:com.liveintent.test.RoutingTest@76012793]" started-at="2020-06-22T12:58:56 CEST" name="routingTest" description="Route data to the correct stream based on seed" data-provider="routingDataProvider" finished-at="2020-06-22T12:58:57 CEST" duration-ms="357" status="PASS">
          <params>
            <param index="0">
              <value>
                <![CDATA[-999999999999999999]]>
              </value>
            </param>
            <param index="1">
              <value>
                <![CDATA[200]]>
              </value>
            </param>
          </params>
          <reporter-output>
          </reporter-output>
        </test-method> <!-- routingTest -->
        <test-method signature="routingTest(java.lang.String, java.lang.String)[pri:0, instance:com.liveintent.test.RoutingTest@76012793]" started-at="2020-06-22T12:58:57 CEST" name="routingTest" description="Route data to the correct stream based on seed" data-provider="routingDataProvider" finished-at="2020-06-22T12:58:57 CEST" duration-ms="22" status="PASS">
          <params>
            <param index="0">
              <value>
                <![CDATA[123456789098765432123456789098765432123456789]]>
              </value>
            </param>
            <param index="1">
              <value>
                <![CDATA[400]]>
              </value>
            </param>
          </params>
          <reporter-output>
          </reporter-output>
        </test-method> <!-- routingTest -->
        <test-method signature="routingTest(java.lang.String, java.lang.String)[pri:0, instance:com.liveintent.test.RoutingTest@76012793]" started-at="2020-06-22T12:58:57 CEST" name="routingTest" description="Route data to the correct stream based on seed" data-provider="routingDataProvider" finished-at="2020-06-22T12:58:57 CEST" duration-ms="15" status="PASS">
          <params>
            <param index="0">
              <value>
                <![CDATA[12345678909876543212345678909876543212345678]]>
              </value>
            </param>
            <param index="1">
              <value>
                <![CDATA[400]]>
              </value>
            </param>
          </params>
          <reporter-output>
          </reporter-output>
        </test-method> <!-- routingTest -->
        <test-method signature="routingTest(java.lang.String, java.lang.String)[pri:0, instance:com.liveintent.test.RoutingTest@76012793]" started-at="2020-06-22T12:58:57 CEST" name="routingTest" description="Route data to the correct stream based on seed" data-provider="routingDataProvider" finished-at="2020-06-22T12:58:57 CEST" duration-ms="19" status="PASS">
          <params>
            <param index="0">
              <value>
                <![CDATA[null]]>
              </value>
            </param>
            <param index="1">
              <value>
                <![CDATA[400]]>
              </value>
            </param>
          </params>
          <reporter-output>
          </reporter-output>
        </test-method> <!-- routingTest -->
        <test-method signature="routingTest(java.lang.String, java.lang.String)[pri:0, instance:com.liveintent.test.RoutingTest@76012793]" started-at="2020-06-22T12:58:57 CEST" name="routingTest" description="Route data to the correct stream based on seed" data-provider="routingDataProvider" finished-at="2020-06-22T12:58:57 CEST" duration-ms="18" status="PASS">
          <params>
            <param index="0">
              <value>
                <![CDATA[]]>
              </value>
            </param>
            <param index="1">
              <value>
                <![CDATA[404]]>
              </value>
            </param>
          </params>
          <reporter-output>
          </reporter-output>
        </test-method> <!-- routingTest -->
        <test-method signature="routingTest(java.lang.String, java.lang.String)[pri:0, instance:com.liveintent.test.RoutingTest@76012793]" started-at="2020-06-22T12:58:57 CEST" name="routingTest" description="Route data to the correct stream based on seed" data-provider="routingDataProvider" finished-at="2020-06-22T12:58:57 CEST" duration-ms="19" status="PASS">
          <params>
            <param index="0">
              <value>
                <![CDATA[""]]>
              </value>
            </param>
            <param index="1">
              <value>
                <![CDATA[400]]>
              </value>
            </param>
          </params>
          <reporter-output>
          </reporter-output>
        </test-method> <!-- routingTest -->
        <test-method signature="routingTest(java.lang.String, java.lang.String)[pri:0, instance:com.liveintent.test.RoutingTest@76012793]" started-at="2020-06-22T12:58:57 CEST" name="routingTest" description="Route data to the correct stream based on seed" data-provider="routingDataProvider" finished-at="2020-06-22T12:58:57 CEST" duration-ms="18" status="PASS">
          <params>
            <param index="0">
              <value>
                <![CDATA[" "]]>
              </value>
            </param>
            <param index="1">
              <value>
                <![CDATA[400]]>
              </value>
            </param>
          </params>
          <reporter-output>
          </reporter-output>
        </test-method> <!-- routingTest -->
        <test-method is-config="true" signature="SuiteLevelCleanup()[pri:0, instance:com.liveintent.test.RoutingTest@76012793]" started-at="2020-06-22T12:59:02 CEST" name="SuiteLevelCleanup" finished-at="2020-06-22T12:59:02 CEST" duration-ms="1" status="PASS">
          <reporter-output>
          </reporter-output>
        </test-method> <!-- SuiteLevelCleanup -->
      </class> <!-- com.liveintent.test.RoutingTest -->
    </test> <!-- Default test -->
  </suite> <!-- Default suite -->
</testng-results>
